49728:C 05 Jan 2023 18:54:06.815 # oO0OoO0OoO0Oo Redis is starting oO0OoO0OoO0Oo
49728:C 05 Jan 2023 18:54:06.815 # Redis version=6.2.6, bits=64, commit=00000000, modified=0, pid=49728, just started
49728:C 05 Jan 2023 18:54:06.816 # Configuration loaded
49728:M 05 Jan 2023 18:54:06.818 * monotonic clock: POSIX clock_gettime
49728:M 05 Jan 2023 18:54:06.819 # Warning: Could not create server TCP listening socket 127.0.0.1:6379: bind: Address already in use
49728:M 05 Jan 2023 18:54:06.820 # Failed listening on port 6379 (TCP), aborting.
50322:C 05 Jan 2023 19:30:58.235 # oO0OoO0OoO0Oo Redis is starting oO0OoO0OoO0Oo
50322:C 05 Jan 2023 19:30:58.236 # Redis version=6.2.6, bits=64, commit=00000000, modified=0, pid=50322, just started
50322:C 05 Jan 2023 19:30:58.237 # Configuration loaded
50322:M 05 Jan 2023 19:30:58.240 * monotonic clock: POSIX clock_gettime
50322:M 05 Jan 2023 19:30:58.241 # Warning: Could not create server TCP listening socket 127.0.0.1:6379: bind: Address already in use
50322:M 05 Jan 2023 19:30:58.242 # Failed listening on port 6379 (TCP), aborting.
90490:C 08 Jan 2023 11:53:01.973 # oO0OoO0OoO0Oo Redis is starting oO0OoO0OoO0Oo
90490:C 08 Jan 2023 11:53:01.974 # Redis version=6.2.6, bits=64, commit=00000000, modified=0, pid=90490, just started
90490:C 08 Jan 2023 11:53:01.974 # Configuration loaded
90490:M 08 Jan 2023 11:53:01.976 * monotonic clock: POSIX clock_gettime
90490:M 08 Jan 2023 11:53:01.978 # Warning: Could not create server TCP listening socket 127.0.0.1:6379: bind: Address already in use
90490:M 08 Jan 2023 11:53:01.978 # Failed listening on port 6379 (TCP), aborting.
2965:C 08 Jan 2023 20:37:19.402 # oO0OoO0OoO0Oo Redis is starting oO0OoO0OoO0Oo
2965:C 08 Jan 2023 20:37:19.406 # Redis version=6.2.6, bits=64, commit=00000000, modified=0, pid=2965, just started
2965:C 08 Jan 2023 20:37:19.406 # Configuration loaded
2965:M 08 Jan 2023 20:37:19.410 * monotonic clock: POSIX clock_gettime
2965:M 08 Jan 2023 20:37:19.413 # Warning: Could not create server TCP listening socket 127.0.0.1:6379: bind: Address already in use
2965:M 08 Jan 2023 20:37:19.414 # Failed listening on port 6379 (TCP), aborting.
2450:C 17 Jan 2023 11:51:15.164 # oO0OoO0OoO0Oo Redis is starting oO0OoO0OoO0Oo
2450:C 17 Jan 2023 11:51:15.165 # Redis version=6.2.6, bits=64, commit=00000000, modified=0, pid=2450, just started
2450:C 17 Jan 2023 11:51:15.165 # Configuration loaded
2450:M 17 Jan 2023 11:51:15.167 * Increased maximum number of open files to 10032 (it was originally set to 256).
2450:M 17 Jan 2023 11:51:15.167 * monotonic clock: POSIX clock_gettime
                _._                                                  
           _.-``__ ''-._                                             
      _.-``    `.  `_.  ''-._           Redis 6.2.6 (00000000/0) 64 bit
  .-`` .-```.  ```\/    _.,_ ''-._                                  
 (    '      ,       .-`  | `,    )     Running in standalone mode
 |`-._`-...-` __...-.``-._|'` _.-'|     Port: 6379
 |    `-._   `._    /     _.-'    |     PID: 2450
  `-._    `-._  `-./  _.-'    _.-'                                   
 |`-._`-._    `-.__.-'    _.-'_.-'|                                  
 |    `-._`-._        _.-'_.-'    |           https://redis.io       
  `-._    `-._`-.__.-'_.-'    _.-'                                   
 |`-._`-._    `-.__.-'    _.-'_.-'|                                  
 |    `-._`-._        _.-'_.-'    |                                  
  `-._    `-._`-.__.-'_.-'    _.-'                                   
      `-._    `-.__.-'    _.-'                                       
          `-._        _.-'                                           
              `-.__.-'                                               

2450:M 17 Jan 2023 11:51:15.274 # Server initialized
2450:M 17 Jan 2023 11:51:15.274 * Ready to accept connections
